{"/Users/pipi/ai-image-generator/src/app.js": {"path":"/Users/pipi/ai-image-generator/src/app.js","statementMap":{"0":{"start":{"line":9,"column":12},"end":{"line":9,"column":21}},"1":{"start":{"line":12,"column":0},"end":{"line":12,"column":16}},"2":{"start":{"line":13,"column":0},"end":{"line":13,"column":24}},"3":{"start":{"line":14,"column":0},"end":{"line":14,"column":28}},"4":{"start":{"line":17,"column":0},"end":{"line":17,"column":72}},"5":{"start":{"line":20,"column":0},"end":{"line":22,"column":3}},"6":{"start":{"line":21,"column":2},"end":{"line":21,"column":29}},"7":{"start":{"line":25,"column":0},"end":{"line":32,"column":3}},"8":{"start":{"line":26,"column":16},"end":{"line":26,"column":34}},"9":{"start":{"line":27,"column":2},"end":{"line":31,"column":5}},"10":{"start":{"line":35,"column":0},"end":{"line":35,"column":22}}},"fnMap":{"0":{"name":"(anonymous_0)","decl":{"start":{"line":20,"column":23},"end":{"line":20,"column":24}},"loc":{"start":{"line":20,"column":37},"end":{"line":22,"column":1}},"line":20},"1":{"name":"(anonymous_1)","decl":{"start":{"line":25,"column":24},"end":{"line":25,"column":25}},"loc":{"start":{"line":25,"column":38},"end":{"line":32,"column":1}},"line":25}},"branchMap":{},"s":{"0":1,"1":1,"2":1,"3":1,"4":1,"5":1,"6":0,"7":1,"8":0,"9":0,"10":1},"f":{"0":0,"1":0},"b":{},"_coverageSchema":"1a1c01bbd47fc00a2c39e90264f33305004495a9","hash":"6b39a3bfd0ff01bfc3de89ac78f1b7c5df3aa9d4"}
,"/Users/pipi/ai-image-generator/src/config.js": {"path":"/Users/pipi/ai-image-generator/src/config.js","statementMap":{"0":{"start":{"line":2,"column":26},"end":{"line":29,"column":1}},"1":{"start":{"line":32,"column":26},"end":{"line":37,"column":1}},"2":{"start":{"line":40,"column":26},"end":{"line":48,"column":1}},"3":{"start":{"line":51,"column":25},"end":{"line":51,"column":45}},"4":{"start":{"line":55,"column":2},"end":{"line":64,"column":3}},"5":{"start":{"line":56,"column":19},"end":{"line":56,"column":40}},"6":{"start":{"line":57,"column":4},"end":{"line":59,"column":5}},"7":{"start":{"line":58,"column":6},"end":{"line":58,"column":86}},"8":{"start":{"line":60,"column":4},"end":{"line":60,"column":16}},"9":{"start":{"line":62,"column":4},"end":{"line":62,"column":40}},"10":{"start":{"line":63,"column":4},"end":{"line":63,"column":20}},"11":{"start":{"line":68,"column":0},"end":{"line":68,"column":39}},"12":{"start":{"line":69,"column":0},"end":{"line":69,"column":53}},"13":{"start":{"line":70,"column":0},"end":{"line":70,"column":70}}},"fnMap":{"0":{"name":"validateApiDomain","decl":{"start":{"line":54,"column":9},"end":{"line":54,"column":26}},"loc":{"start":{"line":54,"column":32},"end":{"line":65,"column":1}},"line":54}},"branchMap":{"0":{"loc":{"start":{"line":35,"column":8},"end":{"line":35,"column":32}},"type":"binary-expr","locations":[{"start":{"line":35,"column":8},"end":{"line":35,"column":24}},{"start":{"line":35,"column":28},"end":{"line":35,"column":32}}],"line":35},"1":{"loc":{"start":{"line":57,"column":4},"end":{"line":59,"column":5}},"type":"if","locations":[{"start":{"line":57,"column":4},"end":{"line":59,"column":5}},{"start":{},"end":{}}],"line":57}},"s":{"0":1,"1":1,"2":1,"3":1,"4":3,"5":3,"6":3,"7":0,"8":3,"9":0,"10":0,"11":1,"12":1,"13":1},"f":{"0":3},"b":{"0":[1,1],"1":[0,3]},"_coverageSchema":"1a1c01bbd47fc00a2c39e90264f33305004495a9","hash":"bbb8a79ed51554a600b53c2ba28d65250bf34617"}
,"/Users/pipi/ai-image-generator/src/middleware/authMiddleware.js": {"path":"/Users/pipi/ai-image-generator/src/middleware/authMiddleware.js","statementMap":{"0":{"start":{"line":11,"column":2},"end":{"line":11,"column":58}},"1":{"start":{"line":16,"column":17},"end":{"line":16,"column":45}},"2":{"start":{"line":19,"column":2},"end":{"line":21,"column":3}},"3":{"start":{"line":20,"column":4},"end":{"line":20,"column":18}},"4":{"start":{"line":24,"column":2},"end":{"line":29,"column":3}},"5":{"start":{"line":25,"column":4},"end":{"line":28,"column":7}},"6":{"start":{"line":32,"column":2},"end":{"line":37,"column":3}},"7":{"start":{"line":33,"column":4},"end":{"line":36,"column":7}},"8":{"start":{"line":40,"column":21},"end":{"line":40,"column":46}},"9":{"start":{"line":41,"column":2},"end":{"line":46,"column":3}},"10":{"start":{"line":42,"column":4},"end":{"line":45,"column":7}},"11":{"start":{"line":49,"column":22},"end":{"line":49,"column":46}},"12":{"start":{"line":50,"column":2},"end":{"line":55,"column":3}},"13":{"start":{"line":51,"column":4},"end":{"line":54,"column":7}},"14":{"start":{"line":57,"column":2},"end":{"line":57,"column":9}}},"fnMap":{"0":{"name":"isValidApiKey","decl":{"start":{"line":10,"column":9},"end":{"line":10,"column":22}},"loc":{"start":{"line":10,"column":28},"end":{"line":12,"column":1}},"line":10},"1":{"name":"validateApiKey","decl":{"start":{"line":15,"column":16},"end":{"line":15,"column":30}},"loc":{"start":{"line":15,"column":47},"end":{"line":58,"column":1}},"line":15}},"branchMap":{"0":{"loc":{"start":{"line":11,"column":9},"end":{"line":11,"column":57}},"type":"binary-expr","locations":[{"start":{"line":11,"column":9},"end":{"line":11,"column":32}},{"start":{"line":11,"column":36},"end":{"line":11,"column":57}}],"line":11},"1":{"loc":{"start":{"line":19,"column":2},"end":{"line":21,"column":3}},"type":"if","locations":[{"start":{"line":19,"column":2},"end":{"line":21,"column":3}},{"start":{},"end":{}}],"line":19},"2":{"loc":{"start":{"line":24,"column":2},"end":{"line":29,"column":3}},"type":"if","locations":[{"start":{"line":24,"column":2},"end":{"line":29,"column":3}},{"start":{},"end":{}}],"line":24},"3":{"loc":{"start":{"line":32,"column":2},"end":{"line":37,"column":3}},"type":"if","locations":[{"start":{"line":32,"column":2},"end":{"line":37,"column":3}},{"start":{},"end":{}}],"line":32},"4":{"loc":{"start":{"line":41,"column":2},"end":{"line":46,"column":3}},"type":"if","locations":[{"start":{"line":41,"column":2},"end":{"line":46,"column":3}},{"start":{},"end":{}}],"line":41},"5":{"loc":{"start":{"line":41,"column":6},"end":{"line":41,"column":54}},"type":"binary-expr","locations":[{"start":{"line":41,"column":6},"end":{"line":41,"column":17}},{"start":{"line":41,"column":21},"end":{"line":41,"column":54}}],"line":41},"6":{"loc":{"start":{"line":50,"column":2},"end":{"line":55,"column":3}},"type":"if","locations":[{"start":{"line":50,"column":2},"end":{"line":55,"column":3}},{"start":{},"end":{}}],"line":50}},"s":{"0":1,"1":2,"2":2,"3":1,"4":1,"5":0,"6":1,"7":0,"8":1,"9":1,"10":0,"11":1,"12":1,"13":0,"14":1},"f":{"0":1,"1":2},"b":{"0":[1,1],"1":[1,1],"2":[0,1],"3":[0,1],"4":[0,1],"5":[1,1],"6":[0,1]},"_coverageSchema":"1a1c01bbd47fc00a2c39e90264f33305004495a9","hash":"794c2055c7722d082c8007448dec9272190ef631"}
,"/Users/pipi/ai-image-generator/src/middleware/errorHandler.js": {"path":"/Users/pipi/ai-image-generator/src/middleware/errorHandler.js","statementMap":{"0":{"start":{"line":4,"column":4},"end":{"line":4,"column":19}},"1":{"start":{"line":5,"column":4},"end":{"line":5,"column":27}},"2":{"start":{"line":6,"column":4},"end":{"line":6,"column":25}},"3":{"start":{"line":13,"column":16},"end":{"line":16,"column":3}},"4":{"start":{"line":19,"column":2},"end":{"line":19,"column":59}},"5":{"start":{"line":22,"column":2},"end":{"line":25,"column":5}}},"fnMap":{"0":{"name":"(anonymous_0)","decl":{"start":{"line":3,"column":2},"end":{"line":3,"column":3}},"loc":{"start":{"line":3,"column":37},"end":{"line":7,"column":3}},"line":3},"1":{"name":"errorHandler","decl":{"start":{"line":11,"column":16},"end":{"line":11,"column":28}},"loc":{"start":{"line":11,"column":50},"end":{"line":26,"column":1}},"line":11}},"branchMap":{"0":{"loc":{"start":{"line":3,"column":23},"end":{"line":3,"column":35}},"type":"default-arg","locations":[{"start":{"line":3,"column":32},"end":{"line":3,"column":35}}],"line":3},"1":{"loc":{"start":{"line":14,"column":10},"end":{"line":14,"column":27}},"type":"binary-expr","locations":[{"start":{"line":14,"column":10},"end":{"line":14,"column":20}},{"start":{"line":14,"column":24},"end":{"line":14,"column":27}}],"line":14},"2":{"loc":{"start":{"line":15,"column":13},"end":{"line":15,"column":34}},"type":"binary-expr","locations":[{"start":{"line":15,"column":13},"end":{"line":15,"column":24}},{"start":{"line":15,"column":28},"end":{"line":15,"column":34}}],"line":15}},"s":{"0":0,"1":0,"2":0,"3":0,"4":0,"5":0},"f":{"0":0,"1":0},"b":{"0":[0],"1":[0,0],"2":[0,0]},"_coverageSchema":"1a1c01bbd47fc00a2c39e90264f33305004495a9","hash":"af7fe1abca4b2cb809d0f6ad777082f726d25b33"}
,"/Users/pipi/ai-image-generator/src/middleware/performanceMonitor.js": {"path":"/Users/pipi/ai-image-generator/src/middleware/performanceMonitor.js","statementMap":{"0":{"start":{"line":6,"column":4},"end":{"line":10,"column":6}},"1":{"start":{"line":14,"column":4},"end":{"line":18,"column":6}},"2":{"start":{"line":23,"column":4},"end":{"line":23,"column":28}},"3":{"start":{"line":24,"column":4},"end":{"line":24,"column":40}},"4":{"start":{"line":24,"column":18},"end":{"line":24,"column":40}},"5":{"start":{"line":25,"column":4},"end":{"line":25,"column":45}},"6":{"start":{"line":28,"column":4},"end":{"line":30,"column":5}},"7":{"start":{"line":29,"column":6},"end":{"line":29,"column":40}},"8":{"start":{"line":35,"column":20},"end":{"line":35,"column":107}},"9":{"start":{"line":35,"column":63},"end":{"line":35,"column":68}},"10":{"start":{"line":37,"column":4},"end":{"line":41,"column":6}},"11":{"start":{"line":46,"column":23},"end":{"line":46,"column":42}},"12":{"start":{"line":50,"column":16},"end":{"line":50,"column":26}},"13":{"start":{"line":53,"column":2},"end":{"line":56,"column":5}},"14":{"start":{"line":54,"column":21},"end":{"line":54,"column":39}},"15":{"start":{"line":55,"column":4},"end":{"line":55,"column":52}},"16":{"start":{"line":58,"column":2},"end":{"line":58,"column":9}}},"fnMap":{"0":{"name":"(anonymous_0)","decl":{"start":{"line":5,"column":2},"end":{"line":5,"column":3}},"loc":{"start":{"line":5,"column":16},"end":{"line":11,"column":3}},"line":5},"1":{"name":"(anonymous_1)","decl":{"start":{"line":13,"column":2},"end":{"line":13,"column":3}},"loc":{"start":{"line":13,"column":10},"end":{"line":19,"column":3}},"line":13},"2":{"name":"(anonymous_2)","decl":{"start":{"line":22,"column":2},"end":{"line":22,"column":3}},"loc":{"start":{"line":22,"column":29},"end":{"line":31,"column":3}},"line":22},"3":{"name":"(anonymous_3)","decl":{"start":{"line":34,"column":2},"end":{"line":34,"column":3}},"loc":{"start":{"line":34,"column":13},"end":{"line":42,"column":3}},"line":34},"4":{"name":"(anonymous_4)","decl":{"start":{"line":35,"column":53},"end":{"line":35,"column":54}},"loc":{"start":{"line":35,"column":63},"end":{"line":35,"column":68}},"line":35},"5":{"name":"performanceMonitor","decl":{"start":{"line":49,"column":16},"end":{"line":49,"column":34}},"loc":{"start":{"line":49,"column":51},"end":{"line":59,"column":1}},"line":49},"6":{"name":"(anonymous_6)","decl":{"start":{"line":53,"column":19},"end":{"line":53,"column":20}},"loc":{"start":{"line":53,"column":25},"end":{"line":56,"column":3}},"line":53}},"branchMap":{"0":{"loc":{"start":{"line":24,"column":4},"end":{"line":24,"column":40}},"type":"if","locations":[{"start":{"line":24,"column":4},"end":{"line":24,"column":40}},{"start":{},"end":{}}],"line":24},"1":{"loc":{"start":{"line":28,"column":4},"end":{"line":30,"column":5}},"type":"if","locations":[{"start":{"line":28,"column":4},"end":{"line":30,"column":5}},{"start":{},"end":{}}],"line":28},"2":{"loc":{"start":{"line":40,"column":23},"end":{"line":40,"column":35}},"type":"binary-expr","locations":[{"start":{"line":40,"column":23},"end":{"line":40,"column":30}},{"start":{"line":40,"column":34},"end":{"line":40,"column":35}}],"line":40}},"s":{"0":1,"1":0,"2":0,"3":0,"4":0,"5":0,"6":0,"7":0,"8":0,"9":0,"10":0,"11":1,"12":0,"13":0,"14":0,"15":0,"16":0},"f":{"0":1,"1":0,"2":0,"3":0,"4":0,"5":0,"6":0},"b":{"0":[0,0],"1":[0,0],"2":[0,0]},"_coverageSchema":"1a1c01bbd47fc00a2c39e90264f33305004495a9","hash":"affa521d9e68a120f4aaa1befc1230a456f24087"}
,"/Users/pipi/ai-image-generator/src/middleware/validateInput.js": {"path":"/Users/pipi/ai-image-generator/src/middleware/validateInput.js","statementMap":{"0":{"start":{"line":3,"column":28},"end":{"line":3,"column":36}},"1":{"start":{"line":6,"column":2},"end":{"line":10,"column":3}},"2":{"start":{"line":7,"column":4},"end":{"line":9,"column":7}},"3":{"start":{"line":12,"column":2},"end":{"line":16,"column":3}},"4":{"start":{"line":13,"column":4},"end":{"line":15,"column":7}},"5":{"start":{"line":19,"column":2},"end":{"line":25,"column":3}},"6":{"start":{"line":22,"column":4},"end":{"line":24,"column":7}},"7":{"start":{"line":28,"column":22},"end":{"line":28,"column":49}},"8":{"start":{"line":29,"column":2},"end":{"line":33,"column":3}},"9":{"start":{"line":30,"column":4},"end":{"line":32,"column":7}},"10":{"start":{"line":35,"column":2},"end":{"line":35,"column":9}}},"fnMap":{"0":{"name":"validateInput","decl":{"start":{"line":2,"column":16},"end":{"line":2,"column":29}},"loc":{"start":{"line":2,"column":46},"end":{"line":36,"column":1}},"line":2}},"branchMap":{"0":{"loc":{"start":{"line":6,"column":2},"end":{"line":10,"column":3}},"type":"if","locations":[{"start":{"line":6,"column":2},"end":{"line":10,"column":3}},{"start":{},"end":{}}],"line":6},"1":{"loc":{"start":{"line":6,"column":6},"end":{"line":6,"column":43}},"type":"binary-expr","locations":[{"start":{"line":6,"column":6},"end":{"line":6,"column":13}},{"start":{"line":6,"column":17},"end":{"line":6,"column":43}}],"line":6},"2":{"loc":{"start":{"line":12,"column":2},"end":{"line":16,"column":3}},"type":"if","locations":[{"start":{"line":12,"column":2},"end":{"line":16,"column":3}},{"start":{},"end":{}}],"line":12},"3":{"loc":{"start":{"line":12,"column":6},"end":{"line":12,"column":47}},"type":"binary-expr","locations":[{"start":{"line":12,"column":6},"end":{"line":12,"column":23}},{"start":{"line":12,"column":27},"end":{"line":12,"column":47}}],"line":12},"4":{"loc":{"start":{"line":19,"column":2},"end":{"line":25,"column":3}},"type":"if","locations":[{"start":{"line":19,"column":2},"end":{"line":25,"column":3}},{"start":{},"end":{}}],"line":19},"5":{"loc":{"start":{"line":19,"column":6},"end":{"line":21,"column":44}},"type":"binary-expr","locations":[{"start":{"line":19,"column":6},"end":{"line":19,"column":44}},{"start":{"line":20,"column":6},"end":{"line":20,"column":44}},{"start":{"line":21,"column":6},"end":{"line":21,"column":44}}],"line":19},"6":{"loc":{"start":{"line":29,"column":2},"end":{"line":33,"column":3}},"type":"if","locations":[{"start":{"line":29,"column":2},"end":{"line":33,"column":3}},{"start":{},"end":{}}],"line":29},"7":{"loc":{"start":{"line":29,"column":6},"end":{"line":29,"column":44}},"type":"binary-expr","locations":[{"start":{"line":29,"column":6},"end":{"line":29,"column":12}},{"start":{"line":29,"column":16},"end":{"line":29,"column":44}}],"line":29}},"s":{"0":0,"1":0,"2":0,"3":0,"4":0,"5":0,"6":0,"7":0,"8":0,"9":0,"10":0},"f":{"0":0},"b":{"0":[0,0],"1":[0,0],"2":[0,0],"3":[0,0],"4":[0,0],"5":[0,0,0],"6":[0,0],"7":[0,0]},"_coverageSchema":"1a1c01bbd47fc00a2c39e90264f33305004495a9","hash":"14e7ea22b5dae99b60e06ad11d1d02765adf5588"}
,"/Users/pipi/ai-image-generator/src/routes/generate.js": {"path":"/Users/pipi/ai-image-generator/src/routes/generate.js","statementMap":{"0":{"start":{"line":4,"column":15},"end":{"line":4,"column":31}},"1":{"start":{"line":6,"column":0},"end":{"line":14,"column":3}},"2":{"start":{"line":7,"column":2},"end":{"line":13,"column":3}},"3":{"start":{"line":8,"column":30},"end":{"line":8,"column":38}},"4":{"start":{"line":9,"column":19},"end":{"line":9,"column":53}},"5":{"start":{"line":10,"column":4},"end":{"line":10,"column":21}},"6":{"start":{"line":12,"column":4},"end":{"line":12,"column":16}}},"fnMap":{"0":{"name":"(anonymous_0)","decl":{"start":{"line":6,"column":17},"end":{"line":6,"column":18}},"loc":{"start":{"line":6,"column":43},"end":{"line":14,"column":1}},"line":6}},"branchMap":{},"s":{"0":1,"1":1,"2":0,"3":0,"4":0,"5":0,"6":0},"f":{"0":0},"b":{},"_coverageSchema":"1a1c01bbd47fc00a2c39e90264f33305004495a9","hash":"4b06f83dd1c22f97880b7fdff4e9f35a35b019b6"}
,"/Users/pipi/ai-image-generator/src/services/imageService.js": {"path":"/Users/pipi/ai-image-generator/src/services/imageService.js","statementMap":{"0":{"start":{"line":5,"column":2},"end":{"line":9,"column":4}}},"fnMap":{"0":{"name":"generateImage","decl":{"start":{"line":3,"column":22},"end":{"line":3,"column":35}},"loc":{"start":{"line":3,"column":51},"end":{"line":10,"column":1}},"line":3}},"branchMap":{},"s":{"0":0},"f":{"0":0},"b":{},"_coverageSchema":"1a1c01bbd47fc00a2c39e90264f33305004495a9","hash":"4f8f18b503d7af300270cfc602521a11d7be4b9d"}
}
