TN:
SF:src/app.js
FN:20,(anonymous_0)
FN:25,(anonymous_1)
FNF:2
FNH:0
FNDA:0,(anonymous_0)
FNDA:0,(anonymous_1)
DA:9,1
DA:12,1
DA:13,1
DA:14,1
DA:17,1
DA:20,1
DA:21,0
DA:25,1
DA:26,0
DA:27,0
DA:35,1
LF:11
LH:8
BRF:0
BRH:0
end_of_record
TN:
SF:src/config.js
FN:54,validateApiDomain
FNF:1
FNH:1
FNDA:3,validateApiDomain
DA:2,1
DA:32,1
DA:40,1
DA:51,1
DA:55,3
DA:56,3
DA:57,3
DA:58,0
DA:60,3
DA:62,0
DA:63,0
DA:68,1
DA:69,1
DA:70,1
LF:14
LH:11
BRDA:35,0,0,1
BRDA:35,0,1,1
BRDA:57,1,0,0
BRDA:57,1,1,3
BRF:4
BRH:3
end_of_record
TN:
SF:src/middleware/authMiddleware.js
FN:10,isValidApiKey
FN:15,validateApiKey
FNF:2
FNH:2
FNDA:1,isValidApiKey
FNDA:2,validateApiKey
DA:11,1
DA:16,2
DA:19,2
DA:20,1
DA:24,1
DA:25,0
DA:32,1
DA:33,0
DA:40,1
DA:41,1
DA:42,0
DA:49,1
DA:50,1
DA:51,0
DA:57,1
LF:15
LH:11
BRDA:11,0,0,1
BRDA:11,0,1,1
BRDA:19,1,0,1
BRDA:19,1,1,1
BRDA:24,2,0,0
BRDA:24,2,1,1
BRDA:32,3,0,0
BRDA:32,3,1,1
BRDA:41,4,0,0
BRDA:41,4,1,1
BRDA:41,5,0,1
BRDA:41,5,1,1
BRDA:50,6,0,0
BRDA:50,6,1,1
BRF:14
BRH:10
end_of_record
TN:
SF:src/middleware/errorHandler.js
FN:3,(anonymous_0)
FN:11,errorHandler
FNF:2
FNH:0
FNDA:0,(anonymous_0)
FNDA:0,errorHandler
DA:4,0
DA:5,0
DA:6,0
DA:13,0
DA:19,0
DA:22,0
LF:6
LH:0
BRDA:3,0,0,0
BRDA:14,1,0,0
BRDA:14,1,1,0
BRDA:15,2,0,0
BRDA:15,2,1,0
BRF:5
BRH:0
end_of_record
TN:
SF:src/middleware/performanceMonitor.js
FN:5,(anonymous_0)
FN:13,(anonymous_1)
FN:22,(anonymous_2)
FN:34,(anonymous_3)
FN:35,(anonymous_4)
FN:49,performanceMonitor
FN:53,(anonymous_6)
FNF:7
FNH:1
FNDA:1,(anonymous_0)
FNDA:0,(anonymous_1)
FNDA:0,(anonymous_2)
FNDA:0,(anonymous_3)
FNDA:0,(anonymous_4)
FNDA:0,performanceMonitor
FNDA:0,(anonymous_6)
DA:6,1
DA:14,0
DA:23,0
DA:24,0
DA:25,0
DA:28,0
DA:29,0
DA:35,0
DA:37,0
DA:46,1
DA:50,0
DA:53,0
DA:54,0
DA:55,0
DA:58,0
LF:15
LH:2
BRDA:24,0,0,0
BRDA:24,0,1,0
BRDA:28,1,0,0
BRDA:28,1,1,0
BRDA:40,2,0,0
BRDA:40,2,1,0
BRF:6
BRH:0
end_of_record
TN:
SF:src/middleware/validateInput.js
FN:2,validateInput
FNF:1
FNH:0
FNDA:0,validateInput
DA:3,0
DA:6,0
DA:7,0
DA:12,0
DA:13,0
DA:19,0
DA:22,0
DA:28,0
DA:29,0
DA:30,0
DA:35,0
LF:11
LH:0
BRDA:6,0,0,0
BRDA:6,0,1,0
BRDA:6,1,0,0
BRDA:6,1,1,0
BRDA:12,2,0,0
BRDA:12,2,1,0
BRDA:12,3,0,0
BRDA:12,3,1,0
BRDA:19,4,0,0
BRDA:19,4,1,0
BRDA:19,5,0,0
BRDA:19,5,1,0
BRDA:19,5,2,0
BRDA:29,6,0,0
BRDA:29,6,1,0
BRDA:29,7,0,0
BRDA:29,7,1,0
BRF:17
BRH:0
end_of_record
TN:
SF:src/routes/generate.js
FN:6,(anonymous_0)
FNF:1
FNH:0
FNDA:0,(anonymous_0)
DA:4,1
DA:6,1
DA:7,0
DA:8,0
DA:9,0
DA:10,0
DA:12,0
LF:7
LH:2
BRF:0
BRH:0
end_of_record
TN:
SF:src/services/imageService.js
FN:3,generateImage
FNF:1
FNH:0
FNDA:0,generateImage
DA:5,0
LF:1
LH:0
BRF:0
BRH:0
end_of_record
